Build started 12/12/2015 11:42:16.
     1>Project "G:\GunsAndShields\GunsAndShields - 27.11.15\GunsAndShields\GunsAndShields.vcxproj" on node 2 (build target(s)).
     1>InitializeBuildStatus:
         Creating "Debug\GunsAndShields.unsuccessfulbuild" because "AlwaysCreate" was specified.
       ClCompile:
         c:\Program Files (x86)\Microsoft Visual Studio 10.0\VC\bin\CL.exe /c /I"M:\SFML-2.3.1\SFML-2.3.1\include" /ZI /nologo /W3 /WX- /Od /Oy- /D WIN32 /D _DEBUG /D _CONSOLE /D _UNICODE /D UNICODE /Gm /EHsc /RTC1 /MDd /GS /fp:precise /Zc:wchar_t /Zc:forScope /Fo"Debug\\" /Fd"Debug\vc100.pdb" /Gd /TP /analyze- /errorReport:prompt AvatarCondition.cpp blockade.cpp EndState.cpp Ground.cpp OnePlayerState.cpp StartState.cpp TwoPlayerState.cpp Avatar.cpp Bullet.cpp GameObject.cpp Gun.cpp main.cpp Shield.cpp State.cpp StateManager.cpp
         StateManager.cpp
     1>g:\gunsandshields\gunsandshields - 27.11.15\gunsandshields\state.h(7): fatal error C1083: Cannot open include file: 'SFML\Graphics.hpp': No such file or directory
         State.cpp
     1>g:\gunsandshields\gunsandshields - 27.11.15\gunsandshields\state.h(7): fatal error C1083: Cannot open include file: 'SFML\Graphics.hpp': No such file or directory
         Shield.cpp
     1>g:\gunsandshields\gunsandshields - 27.11.15\gunsandshields\gameobject.h(12): fatal error C1083: Cannot open include file: 'SFML/Graphics.hpp': No such file or directory
         main.cpp
     1>g:\gunsandshields\gunsandshields - 27.11.15\gunsandshields\main.cpp(3): fatal error C1083: Cannot open include file: 'SFML/Graphics.hpp': No such file or directory
         Gun.cpp
     1>g:\gunsandshields\gunsandshields - 27.11.15\gunsandshields\gameobject.h(12): fatal error C1083: Cannot open include file: 'SFML/Graphics.hpp': No such file or directory
         GameObject.cpp
     1>g:\gunsandshields\gunsandshields - 27.11.15\gunsandshields\gameobject.h(12): fatal error C1083: Cannot open include file: 'SFML/Graphics.hpp': No such file or directory
         Bullet.cpp
     1>g:\gunsandshields\gunsandshields - 27.11.15\gunsandshields\gameobject.h(12): fatal error C1083: Cannot open include file: 'SFML/Graphics.hpp': No such file or directory
         Avatar.cpp
     1>g:\gunsandshields\gunsandshields - 27.11.15\gunsandshields\gameobject.h(12): fatal error C1083: Cannot open include file: 'SFML/Graphics.hpp': No such file or directory
         TwoPlayerState.cpp
     1>g:\gunsandshields\gunsandshields - 27.11.15\gunsandshields\twoplayerstate.h(6): fatal error C1083: Cannot open include file: 'SFML/Graphics.hpp': No such file or directory
         StartState.cpp
     1>g:\gunsandshields\gunsandshields - 27.11.15\gunsandshields\startstate.h(6): fatal error C1083: Cannot open include file: 'SFML/Graphics.hpp': No such file or directory
         OnePlayerState.cpp
     1>g:\gunsandshields\gunsandshields - 27.11.15\gunsandshields\oneplayerstate.h(10): fatal error C1083: Cannot open include file: 'SFML/Graphics.hpp': No such file or directory
         Ground.cpp
     1>g:\gunsandshields\gunsandshields - 27.11.15\gunsandshields\gameobject.h(12): fatal error C1083: Cannot open include file: 'SFML/Graphics.hpp': No such file or directory
         EndState.cpp
     1>g:\gunsandshields\gunsandshields - 27.11.15\gunsandshields\state.h(7): fatal error C1083: Cannot open include file: 'SFML\Graphics.hpp': No such file or directory
         blockade.cpp
     1>g:\gunsandshields\gunsandshields - 27.11.15\gunsandshields\gameobject.h(12): fatal error C1083: Cannot open include file: 'SFML/Graphics.hpp': No such file or directory
         AvatarCondition.cpp
     1>g:\gunsandshields\gunsandshields - 27.11.15\gunsandshields\gameobject.h(12): fatal error C1083: Cannot open include file: 'SFML/Graphics.hpp': No such file or directory
         Generating Code...
     1>Done Building Project "G:\GunsAndShields\GunsAndShields - 27.11.15\GunsAndShields\GunsAndShields.vcxproj" (build target(s)) -- FAILED.

Build FAILED.

Time Elapsed 00:00:23.18
