\\VMWFIL04\STUDENTS$\1201237\VISUAL STUDIO 2010\PROJECTS\GUNSANDSHIELDS\DEBUG\GUNSANDSHIELDS.PDB
\\VMWFIL04\STUDENTS$\1201237\VISUAL STUDIO 2010\PROJECTS\GUNSANDSHIELDS\GUNSANDSHIELDS\DEBUG\APPLICATION.OBJ
\\VMWFIL04\STUDENTS$\1201237\VISUAL STUDIO 2010\PROJECTS\GUNSANDSHIELDS\GUNSANDSHIELDS\DEBUG\AVATAR.OBJ
\\VMWFIL04\STUDENTS$\1201237\VISUAL STUDIO 2010\PROJECTS\GUNSANDSHIELDS\GUNSANDSHIELDS\DEBUG\BULLET.OBJ
\\VMWFIL04\STUDENTS$\1201237\VISUAL STUDIO 2010\PROJECTS\GUNSANDSHIELDS\GUNSANDSHIELDS\DEBUG\GAMEOBJECT.OBJ
\\VMWFIL04\STUDENTS$\1201237\VISUAL STUDIO 2010\PROJECTS\GUNSANDSHIELDS\GUNSANDSHIELDS\DEBUG\GUN.OBJ
\\VMWFIL04\STUDENTS$\1201237\VISUAL STUDIO 2010\PROJECTS\GUNSANDSHIELDS\GUNSANDSHIELDS\DEBUG\MAIN.OBJ
\\VMWFIL04\STUDENTS$\1201237\VISUAL STUDIO 2010\PROJECTS\GUNSANDSHIELDS\GUNSANDSHIELDS\DEBUG\SHIELD.OBJ
\\VMWFIL04\STUDENTS$\1201237\VISUAL STUDIO 2010\PROJECTS\GUNSANDSHIELDS\GUNSANDSHIELDS\DEBUG\VC100.PDB
M:\VISUAL STUDIO 2010\PROJECTS\GUNSANDSHIELDS\DEBUG\GUNSANDSHIELDS.EXE
M:\VISUAL STUDIO 2010\PROJECTS\GUNSANDSHIELDS\DEBUG\GUNSANDSHIELDS.ILK
M:\VISUAL STUDIO 2010\PROJECTS\GUNSANDSHIELDS\DEBUG\GUNSANDSHIELDS.PDB
M:\VISUAL STUDIO 2010\PROJECTS\GUNSANDSHIELDS\GUNSANDSHIELDS\DEBUG\APPLICATION.OBJ
M:\VISUAL STUDIO 2010\PROJECTS\GUNSANDSHIELDS\GUNSANDSHIELDS\DEBUG\AVATAR.OBJ
M:\VISUAL STUDIO 2010\PROJECTS\GUNSANDSHIELDS\GUNSANDSHIELDS\DEBUG\AVATARCONDITION.OBJ
M:\VISUAL STUDIO 2010\PROJECTS\GUNSANDSHIELDS\GUNSANDSHIELDS\DEBUG\BLOCKADE.OBJ
M:\VISUAL STUDIO 2010\PROJECTS\GUNSANDSHIELDS\GUNSANDSHIELDS\DEBUG\BULLET.OBJ
M:\Visual Studio 2010\Projects\GunsAndShields\GunsAndShields\Debug\cl.command.1.tlog
M:\Visual Studio 2010\Projects\GunsAndShields\GunsAndShields\Debug\CL.read.1.tlog
M:\Visual Studio 2010\Projects\GunsAndShields\GunsAndShields\Debug\CL.write.1.tlog
M:\VISUAL STUDIO 2010\PROJECTS\GUNSANDSHIELDS\GUNSANDSHIELDS\DEBUG\ENDSTATE.OBJ
M:\VISUAL STUDIO 2010\PROJECTS\GUNSANDSHIELDS\GUNSANDSHIELDS\DEBUG\GAMEOBJECT.OBJ
M:\VISUAL STUDIO 2010\PROJECTS\GUNSANDSHIELDS\GUNSANDSHIELDS\DEBUG\GROUND.OBJ
M:\VISUAL STUDIO 2010\PROJECTS\GUNSANDSHIELDS\GUNSANDSHIELDS\DEBUG\GUN.OBJ
M:\Visual Studio 2010\Projects\GunsAndShields\GunsAndShields\Debug\GunsAndShields.exe.embed.manifest
M:\VISUAL STUDIO 2010\PROJECTS\GUNSANDSHIELDS\GUNSANDSHIELDS\DEBUG\GUNSANDSHIELDS.EXE.EMBED.MANIFEST.RES
M:\Visual Studio 2010\Projects\GunsAndShields\GunsAndShields\Debug\GunsAndShields.exe.intermediate.manifest
M:\Visual Studio 2010\Projects\GunsAndShields\GunsAndShields\Debug\GunsAndShields.vcxprojResolveAssemblyReference.cache
M:\Visual Studio 2010\Projects\GunsAndShields\GunsAndShields\Debug\GunsAndShields.write.1.tlog
M:\Visual Studio 2010\Projects\GunsAndShields\GunsAndShields\Debug\GunsAndShields_manifest.rc
M:\Visual Studio 2010\Projects\GunsAndShields\GunsAndShields\Debug\link.1180.read.1.tlog
M:\Visual Studio 2010\Projects\GunsAndShields\GunsAndShields\Debug\link.1180.write.1.tlog
M:\Visual Studio 2010\Projects\GunsAndShields\GunsAndShields\Debug\link.1180-cvtres.read.1.tlog
M:\Visual Studio 2010\Projects\GunsAndShields\GunsAndShields\Debug\link.1180-cvtres.write.1.tlog
M:\Visual Studio 2010\Projects\GunsAndShields\GunsAndShields\Debug\link.1844.read.1.tlog
M:\Visual Studio 2010\Projects\GunsAndShields\GunsAndShields\Debug\link.1844.write.1.tlog
M:\Visual Studio 2010\Projects\GunsAndShields\GunsAndShields\Debug\link.1844-cvtres.read.1.tlog
M:\Visual Studio 2010\Projects\GunsAndShields\GunsAndShields\Debug\link.1844-cvtres.write.1.tlog
M:\Visual Studio 2010\Projects\GunsAndShields\GunsAndShields\Debug\link.2192.read.1.tlog
M:\Visual Studio 2010\Projects\GunsAndShields\GunsAndShields\Debug\link.2192.write.1.tlog
M:\Visual Studio 2010\Projects\GunsAndShields\GunsAndShields\Debug\link.2192-cvtres.read.1.tlog
M:\Visual Studio 2010\Projects\GunsAndShields\GunsAndShields\Debug\link.2192-cvtres.write.1.tlog
M:\Visual Studio 2010\Projects\GunsAndShields\GunsAndShields\Debug\link.2476.read.1.tlog
M:\Visual Studio 2010\Projects\GunsAndShields\GunsAndShields\Debug\link.2476.write.1.tlog
M:\Visual Studio 2010\Projects\GunsAndShields\GunsAndShields\Debug\link.2476-cvtres.read.1.tlog
M:\Visual Studio 2010\Projects\GunsAndShields\GunsAndShields\Debug\link.2476-cvtres.write.1.tlog
M:\Visual Studio 2010\Projects\GunsAndShields\GunsAndShields\Debug\link.296.read.1.tlog
M:\Visual Studio 2010\Projects\GunsAndShields\GunsAndShields\Debug\link.296.write.1.tlog
M:\Visual Studio 2010\Projects\GunsAndShields\GunsAndShields\Debug\link.296-cvtres.read.1.tlog
M:\Visual Studio 2010\Projects\GunsAndShields\GunsAndShields\Debug\link.296-cvtres.write.1.tlog
M:\Visual Studio 2010\Projects\GunsAndShields\GunsAndShields\Debug\link.3160.read.1.tlog
M:\Visual Studio 2010\Projects\GunsAndShields\GunsAndShields\Debug\link.3160.write.1.tlog
M:\Visual Studio 2010\Projects\GunsAndShields\GunsAndShields\Debug\link.3160-cvtres.read.1.tlog
M:\Visual Studio 2010\Projects\GunsAndShields\GunsAndShields\Debug\link.3160-cvtres.write.1.tlog
M:\Visual Studio 2010\Projects\GunsAndShields\GunsAndShields\Debug\link.3588.read.1.tlog
M:\Visual Studio 2010\Projects\GunsAndShields\GunsAndShields\Debug\link.3588.write.1.tlog
M:\Visual Studio 2010\Projects\GunsAndShields\GunsAndShields\Debug\link.3588-cvtres.read.1.tlog
M:\Visual Studio 2010\Projects\GunsAndShields\GunsAndShields\Debug\link.3588-cvtres.write.1.tlog
M:\Visual Studio 2010\Projects\GunsAndShields\GunsAndShields\Debug\link.4188.read.1.tlog
M:\Visual Studio 2010\Projects\GunsAndShields\GunsAndShields\Debug\link.4188.write.1.tlog
M:\Visual Studio 2010\Projects\GunsAndShields\GunsAndShields\Debug\link.4188-cvtres.read.1.tlog
M:\Visual Studio 2010\Projects\GunsAndShields\GunsAndShields\Debug\link.4188-cvtres.write.1.tlog
M:\Visual Studio 2010\Projects\GunsAndShields\GunsAndShields\Debug\link.4588.read.1.tlog
M:\Visual Studio 2010\Projects\GunsAndShields\GunsAndShields\Debug\link.4588.write.1.tlog
M:\Visual Studio 2010\Projects\GunsAndShields\GunsAndShields\Debug\link.4588-cvtres.read.1.tlog
M:\Visual Studio 2010\Projects\GunsAndShields\GunsAndShields\Debug\link.4588-cvtres.write.1.tlog
M:\Visual Studio 2010\Projects\GunsAndShields\GunsAndShields\Debug\link.4624.read.1.tlog
M:\Visual Studio 2010\Projects\GunsAndShields\GunsAndShields\Debug\link.4624.write.1.tlog
M:\Visual Studio 2010\Projects\GunsAndShields\GunsAndShields\Debug\link.4624-cvtres.read.1.tlog
M:\Visual Studio 2010\Projects\GunsAndShields\GunsAndShields\Debug\link.4624-cvtres.write.1.tlog
M:\Visual Studio 2010\Projects\GunsAndShields\GunsAndShields\Debug\link.4756.read.1.tlog
M:\Visual Studio 2010\Projects\GunsAndShields\GunsAndShields\Debug\link.4756.write.1.tlog
M:\Visual Studio 2010\Projects\GunsAndShields\GunsAndShields\Debug\link.4756-cvtres.read.1.tlog
M:\Visual Studio 2010\Projects\GunsAndShields\GunsAndShields\Debug\link.4756-cvtres.write.1.tlog
M:\Visual Studio 2010\Projects\GunsAndShields\GunsAndShields\Debug\link.4780.read.1.tlog
M:\Visual Studio 2010\Projects\GunsAndShields\GunsAndShields\Debug\link.4780.write.1.tlog
M:\Visual Studio 2010\Projects\GunsAndShields\GunsAndShields\Debug\link.4780-cvtres.read.1.tlog
M:\Visual Studio 2010\Projects\GunsAndShields\GunsAndShields\Debug\link.4780-cvtres.write.1.tlog
M:\Visual Studio 2010\Projects\GunsAndShields\GunsAndShields\Debug\link.4788.read.1.tlog
M:\Visual Studio 2010\Projects\GunsAndShields\GunsAndShields\Debug\link.4788.write.1.tlog
M:\Visual Studio 2010\Projects\GunsAndShields\GunsAndShields\Debug\link.4788-cvtres.read.1.tlog
M:\Visual Studio 2010\Projects\GunsAndShields\GunsAndShields\Debug\link.4788-cvtres.write.1.tlog
M:\Visual Studio 2010\Projects\GunsAndShields\GunsAndShields\Debug\link.4828.read.1.tlog
M:\Visual Studio 2010\Projects\GunsAndShields\GunsAndShields\Debug\link.4828.write.1.tlog
M:\Visual Studio 2010\Projects\GunsAndShields\GunsAndShields\Debug\link.4828-cvtres.read.1.tlog
M:\Visual Studio 2010\Projects\GunsAndShields\GunsAndShields\Debug\link.4828-cvtres.write.1.tlog
M:\Visual Studio 2010\Projects\GunsAndShields\GunsAndShields\Debug\link.4880.read.1.tlog
M:\Visual Studio 2010\Projects\GunsAndShields\GunsAndShields\Debug\link.4880.write.1.tlog
M:\Visual Studio 2010\Projects\GunsAndShields\GunsAndShields\Debug\link.4880-cvtres.read.1.tlog
M:\Visual Studio 2010\Projects\GunsAndShields\GunsAndShields\Debug\link.4880-cvtres.write.1.tlog
M:\Visual Studio 2010\Projects\GunsAndShields\GunsAndShields\Debug\link.5116.read.1.tlog
M:\Visual Studio 2010\Projects\GunsAndShields\GunsAndShields\Debug\link.5116.write.1.tlog
M:\Visual Studio 2010\Projects\GunsAndShields\GunsAndShields\Debug\link.5116-cvtres.read.1.tlog
M:\Visual Studio 2010\Projects\GunsAndShields\GunsAndShields\Debug\link.5116-cvtres.write.1.tlog
M:\Visual Studio 2010\Projects\GunsAndShields\GunsAndShields\Debug\link.5328.read.1.tlog
M:\Visual Studio 2010\Projects\GunsAndShields\GunsAndShields\Debug\link.5328.write.1.tlog
M:\Visual Studio 2010\Projects\GunsAndShields\GunsAndShields\Debug\link.5328-cvtres.read.1.tlog
M:\Visual Studio 2010\Projects\GunsAndShields\GunsAndShields\Debug\link.5328-cvtres.write.1.tlog
M:\Visual Studio 2010\Projects\GunsAndShields\GunsAndShields\Debug\link.5456.read.1.tlog
M:\Visual Studio 2010\Projects\GunsAndShields\GunsAndShields\Debug\link.5456.write.1.tlog
M:\Visual Studio 2010\Projects\GunsAndShields\GunsAndShields\Debug\link.5456-cvtres.read.1.tlog
M:\Visual Studio 2010\Projects\GunsAndShields\GunsAndShields\Debug\link.5456-cvtres.write.1.tlog
M:\Visual Studio 2010\Projects\GunsAndShields\GunsAndShields\Debug\link.5476.read.1.tlog
M:\Visual Studio 2010\Projects\GunsAndShields\GunsAndShields\Debug\link.5476.write.1.tlog
M:\Visual Studio 2010\Projects\GunsAndShields\GunsAndShields\Debug\link.5476-cvtres.read.1.tlog
M:\Visual Studio 2010\Projects\GunsAndShields\GunsAndShields\Debug\link.5476-cvtres.write.1.tlog
M:\Visual Studio 2010\Projects\GunsAndShields\GunsAndShields\Debug\link.5540.read.1.tlog
M:\Visual Studio 2010\Projects\GunsAndShields\GunsAndShields\Debug\link.5540.write.1.tlog
M:\Visual Studio 2010\Projects\GunsAndShields\GunsAndShields\Debug\link.5540-cvtres.read.1.tlog
M:\Visual Studio 2010\Projects\GunsAndShields\GunsAndShields\Debug\link.5540-cvtres.write.1.tlog
M:\Visual Studio 2010\Projects\GunsAndShields\GunsAndShields\Debug\link.5680.read.1.tlog
M:\Visual Studio 2010\Projects\GunsAndShields\GunsAndShields\Debug\link.5680.write.1.tlog
M:\Visual Studio 2010\Projects\GunsAndShields\GunsAndShields\Debug\link.5680-cvtres.read.1.tlog
M:\Visual Studio 2010\Projects\GunsAndShields\GunsAndShields\Debug\link.5680-cvtres.write.1.tlog
M:\Visual Studio 2010\Projects\GunsAndShields\GunsAndShields\Debug\link.5696.read.1.tlog
M:\Visual Studio 2010\Projects\GunsAndShields\GunsAndShields\Debug\link.5696.write.1.tlog
M:\Visual Studio 2010\Projects\GunsAndShields\GunsAndShields\Debug\link.5696-cvtres.read.1.tlog
M:\Visual Studio 2010\Projects\GunsAndShields\GunsAndShields\Debug\link.5696-cvtres.write.1.tlog
M:\Visual Studio 2010\Projects\GunsAndShields\GunsAndShields\Debug\link.5772.read.1.tlog
M:\Visual Studio 2010\Projects\GunsAndShields\GunsAndShields\Debug\link.5772.write.1.tlog
M:\Visual Studio 2010\Projects\GunsAndShields\GunsAndShields\Debug\link.5772-cvtres.read.1.tlog
M:\Visual Studio 2010\Projects\GunsAndShields\GunsAndShields\Debug\link.5772-cvtres.write.1.tlog
M:\Visual Studio 2010\Projects\GunsAndShields\GunsAndShields\Debug\link.5832.read.1.tlog
M:\Visual Studio 2010\Projects\GunsAndShields\GunsAndShields\Debug\link.5832.write.1.tlog
M:\Visual Studio 2010\Projects\GunsAndShields\GunsAndShields\Debug\link.5832-cvtres.read.1.tlog
M:\Visual Studio 2010\Projects\GunsAndShields\GunsAndShields\Debug\link.5832-cvtres.write.1.tlog
M:\Visual Studio 2010\Projects\GunsAndShields\GunsAndShields\Debug\link.5984.read.1.tlog
M:\Visual Studio 2010\Projects\GunsAndShields\GunsAndShields\Debug\link.5984.write.1.tlog
M:\Visual Studio 2010\Projects\GunsAndShields\GunsAndShields\Debug\link.5984-cvtres.read.1.tlog
M:\Visual Studio 2010\Projects\GunsAndShields\GunsAndShields\Debug\link.5984-cvtres.write.1.tlog
M:\Visual Studio 2010\Projects\GunsAndShields\GunsAndShields\Debug\link.6036.read.1.tlog
M:\Visual Studio 2010\Projects\GunsAndShields\GunsAndShields\Debug\link.6036.write.1.tlog
M:\Visual Studio 2010\Projects\GunsAndShields\GunsAndShields\Debug\link.6036-cvtres.read.1.tlog
M:\Visual Studio 2010\Projects\GunsAndShields\GunsAndShields\Debug\link.6036-cvtres.write.1.tlog
M:\Visual Studio 2010\Projects\GunsAndShields\GunsAndShields\Debug\link.6140.read.1.tlog
M:\Visual Studio 2010\Projects\GunsAndShields\GunsAndShields\Debug\link.6140.write.1.tlog
M:\Visual Studio 2010\Projects\GunsAndShields\GunsAndShields\Debug\link.6140-cvtres.read.1.tlog
M:\Visual Studio 2010\Projects\GunsAndShields\GunsAndShields\Debug\link.6140-cvtres.write.1.tlog
M:\Visual Studio 2010\Projects\GunsAndShields\GunsAndShields\Debug\link.7308.read.1.tlog
M:\Visual Studio 2010\Projects\GunsAndShields\GunsAndShields\Debug\link.7308.write.1.tlog
M:\Visual Studio 2010\Projects\GunsAndShields\GunsAndShields\Debug\link.7308-cvtres.read.1.tlog
M:\Visual Studio 2010\Projects\GunsAndShields\GunsAndShields\Debug\link.7308-cvtres.write.1.tlog
M:\Visual Studio 2010\Projects\GunsAndShields\GunsAndShields\Debug\link.7348.read.1.tlog
M:\Visual Studio 2010\Projects\GunsAndShields\GunsAndShields\Debug\link.7348.write.1.tlog
M:\Visual Studio 2010\Projects\GunsAndShields\GunsAndShields\Debug\link.7348-cvtres.read.1.tlog
M:\Visual Studio 2010\Projects\GunsAndShields\GunsAndShields\Debug\link.7348-cvtres.write.1.tlog
M:\Visual Studio 2010\Projects\GunsAndShields\GunsAndShields\Debug\link.7592.read.1.tlog
M:\Visual Studio 2010\Projects\GunsAndShields\GunsAndShields\Debug\link.7592.write.1.tlog
M:\Visual Studio 2010\Projects\GunsAndShields\GunsAndShields\Debug\link.7592-cvtres.read.1.tlog
M:\Visual Studio 2010\Projects\GunsAndShields\GunsAndShields\Debug\link.7592-cvtres.write.1.tlog
M:\Visual Studio 2010\Projects\GunsAndShields\GunsAndShields\Debug\link.7704.read.1.tlog
M:\Visual Studio 2010\Projects\GunsAndShields\GunsAndShields\Debug\link.7704.write.1.tlog
M:\Visual Studio 2010\Projects\GunsAndShields\GunsAndShields\Debug\link.7704-cvtres.read.1.tlog
M:\Visual Studio 2010\Projects\GunsAndShields\GunsAndShields\Debug\link.7704-cvtres.write.1.tlog
M:\Visual Studio 2010\Projects\GunsAndShields\GunsAndShields\Debug\link.7968.read.1.tlog
M:\Visual Studio 2010\Projects\GunsAndShields\GunsAndShields\Debug\link.7968.write.1.tlog
M:\Visual Studio 2010\Projects\GunsAndShields\GunsAndShields\Debug\link.7968-cvtres.read.1.tlog
M:\Visual Studio 2010\Projects\GunsAndShields\GunsAndShields\Debug\link.7968-cvtres.write.1.tlog
M:\Visual Studio 2010\Projects\GunsAndShields\GunsAndShields\Debug\link.8112.read.1.tlog
M:\Visual Studio 2010\Projects\GunsAndShields\GunsAndShields\Debug\link.8112.write.1.tlog
M:\Visual Studio 2010\Projects\GunsAndShields\GunsAndShields\Debug\link.8112-cvtres.read.1.tlog
M:\Visual Studio 2010\Projects\GunsAndShields\GunsAndShields\Debug\link.8112-cvtres.write.1.tlog
M:\Visual Studio 2010\Projects\GunsAndShields\GunsAndShields\Debug\link.8540.read.1.tlog
M:\Visual Studio 2010\Projects\GunsAndShields\GunsAndShields\Debug\link.8540.write.1.tlog
M:\Visual Studio 2010\Projects\GunsAndShields\GunsAndShields\Debug\link.8540-cvtres.read.1.tlog
M:\Visual Studio 2010\Projects\GunsAndShields\GunsAndShields\Debug\link.8540-cvtres.write.1.tlog
M:\Visual Studio 2010\Projects\GunsAndShields\GunsAndShields\Debug\link.9868.read.1.tlog
M:\Visual Studio 2010\Projects\GunsAndShields\GunsAndShields\Debug\link.9868.write.1.tlog
M:\Visual Studio 2010\Projects\GunsAndShields\GunsAndShields\Debug\link.9868-cvtres.read.1.tlog
M:\Visual Studio 2010\Projects\GunsAndShields\GunsAndShields\Debug\link.9868-cvtres.write.1.tlog
M:\Visual Studio 2010\Projects\GunsAndShields\GunsAndShields\Debug\link.9908.read.1.tlog
M:\Visual Studio 2010\Projects\GunsAndShields\GunsAndShields\Debug\link.9908.write.1.tlog
M:\Visual Studio 2010\Projects\GunsAndShields\GunsAndShields\Debug\link.9908-cvtres.read.1.tlog
M:\Visual Studio 2010\Projects\GunsAndShields\GunsAndShields\Debug\link.9908-cvtres.write.1.tlog
M:\Visual Studio 2010\Projects\GunsAndShields\GunsAndShields\Debug\link.command.1.tlog
M:\Visual Studio 2010\Projects\GunsAndShields\GunsAndShields\Debug\link.read.1.tlog
M:\Visual Studio 2010\Projects\GunsAndShields\GunsAndShields\Debug\link.write.1.tlog
M:\Visual Studio 2010\Projects\GunsAndShields\GunsAndShields\Debug\link-cvtres.read.1.tlog
M:\Visual Studio 2010\Projects\GunsAndShields\GunsAndShields\Debug\link-cvtres.write.1.tlog
M:\VISUAL STUDIO 2010\PROJECTS\GUNSANDSHIELDS\GUNSANDSHIELDS\DEBUG\MAIN.OBJ
M:\Visual Studio 2010\Projects\GunsAndShields\GunsAndShields\Debug\mt.command.1.tlog
M:\Visual Studio 2010\Projects\GunsAndShields\GunsAndShields\Debug\mt.read.1.tlog
M:\Visual Studio 2010\Projects\GunsAndShields\GunsAndShields\Debug\mt.write.1.tlog
M:\VISUAL STUDIO 2010\PROJECTS\GUNSANDSHIELDS\GUNSANDSHIELDS\DEBUG\ONEPLAYERSTATE.OBJ
M:\Visual Studio 2010\Projects\GunsAndShields\GunsAndShields\Debug\rc.command.1.tlog
M:\Visual Studio 2010\Projects\GunsAndShields\GunsAndShields\Debug\rc.read.1.tlog
M:\Visual Studio 2010\Projects\GunsAndShields\GunsAndShields\Debug\rc.write.1.tlog
M:\VISUAL STUDIO 2010\PROJECTS\GUNSANDSHIELDS\GUNSANDSHIELDS\DEBUG\SHIELD.OBJ
M:\VISUAL STUDIO 2010\PROJECTS\GUNSANDSHIELDS\GUNSANDSHIELDS\DEBUG\STARTSTATE.OBJ
M:\VISUAL STUDIO 2010\PROJECTS\GUNSANDSHIELDS\GUNSANDSHIELDS\DEBUG\STATE.OBJ
M:\VISUAL STUDIO 2010\PROJECTS\GUNSANDSHIELDS\GUNSANDSHIELDS\DEBUG\STATEMANAGER.OBJ
M:\VISUAL STUDIO 2010\PROJECTS\GUNSANDSHIELDS\GUNSANDSHIELDS\DEBUG\TWOPLAYERSTATE.OBJ
M:\Visual Studio 2010\Projects\GunsAndShields\GunsAndShields\Debug\vc100.idb
M:\VISUAL STUDIO 2010\PROJECTS\GUNSANDSHIELDS\GUNSANDSHIELDS\DEBUG\VC100.PDB
